TN:
SF:/private/var/root/Documents/teamwork-backend/server/index.js
FN:19,(anonymous_0)
FN:21,(anonymous_1)
FN:26,(anonymous_2)
FNF:3
FNH:3
FNDA:1,(anonymous_0)
FNDA:1,(anonymous_1)
FNDA:1,(anonymous_2)
DA:1,1
DA:2,1
DA:3,1
DA:11,1
DA:14,1
DA:15,1
DA:16,1
DA:19,1
DA:20,1
DA:21,1
DA:26,1
DA:28,1
LF:12
LH:12
BRDA:16,0,0,1
BRDA:16,0,1,1
BRF:2
BRH:2
end_of_record
TN:
SF:/private/var/root/Documents/teamwork-backend/server/controllers/payload.js
FN:2,payLoad
FNF:1
FNH:0
FNDA:0,payLoad
DA:2,1
DA:25,1
LF:2
LH:2
BRF:0
BRH:0
end_of_record
TN:
SF:/private/var/root/Documents/teamwork-backend/server/controllers/user.js
FN:9,registerUser
FN:42,login
FNF:2
FNH:0
FNDA:0,registerUser
FNDA:0,login
DA:1,1
DA:2,1
DA:3,1
DA:11,0
DA:26,0
DA:28,0
DA:30,0
DA:34,0
DA:35,0
DA:37,0
DA:42,0
DA:45,0
DA:48,0
DA:50,0
DA:51,0
DA:62,0
DA:63,0
DA:67,0
DA:74,1
LF:19
LH:4
BRDA:28,0,0,0
BRDA:28,0,1,0
BRDA:50,1,0,0
BRDA:50,1,1,0
BRDA:50,2,0,0
BRDA:50,2,1,0
BRF:6
BRH:0
end_of_record
TN:
SF:/private/var/root/Documents/teamwork-backend/server/helpers/index.js
FN:11,generateToken
FN:18,(anonymous_1)
FN:18,_callee
FN:18,verifyToken
FN:46,encryptPass
FN:49,checkPassword
FNF:6
FNH:1
FNDA:0,generateToken
FNDA:1,(anonymous_1)
FNDA:0,_callee
FNDA:0,verifyToken
FNDA:0,encryptPass
FNDA:0,checkPassword
DA:1,1
DA:2,1
DA:11,1
DA:12,0
DA:14,0
DA:18,3
DA:23,0
DA:27,0
DA:28,0
DA:46,1
DA:49,1
DA:50,0
LF:12
LH:6
BRDA:18,0,0,0
BRDA:18,0,1,0
BRDA:18,0,2,0
BRDA:18,0,3,0
BRDA:18,0,4,0
BRDA:18,0,5,0
BRDA:18,1,0,0
BRDA:18,1,1,0
BRDA:25,2,0,0
BRDA:25,2,1,0
BRF:10
BRH:0
end_of_record
TN:
SF:/private/var/root/Documents/teamwork-backend/server/model/users.js
FNF:0
FNH:0
DA:1,1
DA:37,1
LF:2
LH:2
BRF:0
BRH:0
end_of_record
TN:
SF:/private/var/root/Documents/teamwork-backend/server/routes/index.js
FNF:0
FNH:0
DA:1,1
DA:2,1
DA:4,1
DA:6,1
DA:8,1
LF:5
LH:5
BRF:0
BRH:0
end_of_record
TN:
SF:/private/var/root/Documents/teamwork-backend/server/routes/api/index.js
FNF:0
FNH:0
DA:1,1
DA:2,1
DA:6,1
DA:8,1
DA:13,1
LF:5
LH:5
BRF:0
BRH:0
end_of_record
TN:
SF:/private/var/root/Documents/teamwork-backend/server/routes/api/user.js
FNF:0
FNH:0
DA:1,1
DA:2,1
DA:8,1
DA:10,1
DA:12,1
DA:15,1
LF:6
LH:6
BRF:0
BRH:0
end_of_record
TN:
SF:/private/var/root/Documents/teamwork-backend/server/test/home.js
FN:12,(anonymous_0)
FN:13,(anonymous_1)
FN:14,(anonymous_2)
FN:18,(anonymous_3)
FN:24,(anonymous_4)
FN:28,(anonymous_5)
FNF:6
FNH:6
FNDA:1,(anonymous_0)
FNDA:1,(anonymous_1)
FNDA:1,(anonymous_2)
FNDA:1,(anonymous_3)
FNDA:1,(anonymous_4)
FNDA:1,(anonymous_5)
DA:1,1
DA:2,1
DA:3,1
DA:6,1
DA:7,1
DA:10,1
DA:12,1
DA:13,1
DA:14,1
DA:15,1
DA:19,1
DA:20,1
DA:22,1
DA:24,1
DA:25,1
DA:29,1
DA:30,1
DA:32,1
LF:18
LH:18
BRF:0
BRH:0
end_of_record
